<?xml version="1.0" encoding="UTF-8"?>
<testng-results skipped="0" failed="0" ignored="0" total="1" passed="1">
  <reporter-output>
  </reporter-output>
  <suite name="Default suite" duration-ms="85644" started-at="2019-09-26T14:09:12Z" finished-at="2019-09-26T14:10:38Z">
    <groups>
    </groups>
    <test name="Default test" duration-ms="85644" started-at="2019-09-26T14:09:12Z" finished-at="2019-09-26T14:10:38Z">
      <class name="orangehrm_assignments.orange1_MultipleData">
        <test-method status="PASS" signature="SetUp()[pri:0, instance:orangehrm_assignments.orange1_MultipleData@68c4039c]" name="SetUp" is-config="true" duration-ms="44108" started-at="2019-09-26T14:09:12Z" finished-at="2019-09-26T14:09:56Z">
          <reporter-output>
          </reporter-output>
        </test-method> <!-- SetUp -->
        <test-method status="PASS" signature="Login()[pri:0, instance:orangehrm_assignments.orange1_MultipleData@68c4039c]" name="Login" duration-ms="40800" started-at="2019-09-26T14:09:56Z" finished-at="2019-09-26T14:10:37Z">
          <reporter-output>
          </reporter-output>
        </test-method> <!-- Login -->
        <test-method status="PASS" signature="TearDown()[pri:0, instance:orangehrm_assignments.orange1_MultipleData@68c4039c]" name="TearDown" is-config="true" duration-ms="686" started-at="2019-09-26T14:10:37Z" finished-at="2019-09-26T14:10:38Z">
          <reporter-output>
          </reporter-output>
        </test-method> <!-- TearDown -->
      </class> <!-- orangehrm_assignments.orange1_MultipleData -->
    </test> <!-- Default test -->
  </suite> <!-- Default suite -->
</testng-results>
